2020-05-27 10:14:27.377 [restartedMain] INFO  com.qn.SpringbootDemoApplication - Starting SpringbootDemoApplication on QN-CMD-002 with PID 12552 (C:\Users\秦南——qn\IdeaProjects\springboot-demo\springboot-qn\target\classes started by 秦南——qn in C:\Users\秦南——qn\IdeaProjects\springboot-demo)
2020-05-27 10:14:27.385 [restartedMain] DEBUG com.qn.SpringbootDemoApplication - Running with Spring Boot v2.2.7.RELEASE, Spring v5.2.6.RELEASE
2020-05-27 10:14:27.385 [restartedMain] INFO  com.qn.SpringbootDemoApplication - The following profiles are active: dev
2020-05-27 10:14:27.489 [restartedMain] INFO  o.s.b.d.env.DevToolsPropertyDefaultsPostProcessor - Devtools property defaults active! Set 'spring.devtools.add-properties' to 'false' to disable
2020-05-27 10:14:27.490 [restartedMain] INFO  o.s.b.d.env.DevToolsPropertyDefaultsPostProcessor - For additional web related logging consider setting the 'logging.level.web' property to 'DEBUG'
2020-05-27 10:14:28.183 [restartedMain] INFO  o.s.d.r.config.RepositoryConfigurationDelegate - Bootstrapping Spring Data JPA repositories in DEFAULT mode.
2020-05-27 10:14:28.236 [restartedMain] INFO  o.s.d.r.config.RepositoryConfigurationDelegate - Finished Spring Data repository scanning in 43ms. Found 1 JPA repository interfaces.
2020-05-27 10:14:28.237 [restartedMain] INFO  o.s.d.r.config.RepositoryConfigurationDelegate - Bootstrapping Spring Data JPA repositories in DEFAULT mode.
2020-05-27 10:14:28.245 [restartedMain] INFO  o.s.d.r.config.RepositoryConfigurationDelegate - Finished Spring Data repository scanning in 7ms. Found 2 JPA repository interfaces.
2020-05-27 10:14:28.247 [restartedMain] WARN  org.mybatis.spring.mapper.ClassPathMapperScanner - Skipping MapperFactoryBean with name 'appPersonRepository' and 'com.qn.dao.app.AppPersonRepository' mapperInterface. Bean already defined with the same name!
2020-05-27 10:14:28.249 [restartedMain] WARN  org.mybatis.spring.mapper.ClassPathMapperScanner - Skipping MapperFactoryBean with name 'bootAccountRepository' and 'com.qn.dao.boot.BootAccountRepository' mapperInterface. Bean already defined with the same name!
2020-05-27 10:14:28.249 [restartedMain] WARN  org.mybatis.spring.mapper.ClassPathMapperScanner - Skipping MapperFactoryBean with name 'jpaService' and 'com.qn.dao.boot.JpaService' mapperInterface. Bean already defined with the same name!
2020-05-27 10:14:28.251 [restartedMain] WARN  org.mybatis.spring.mapper.ClassPathMapperScanner - Skipping MapperFactoryBean with name 'userMapper' and 'com.qn.mapper.UserMapper' mapperInterface. Bean already defined with the same name!
2020-05-27 10:14:28.252 [restartedMain] WARN  org.mybatis.spring.mapper.ClassPathMapperScanner - No MyBatis mapper was found in '[com.qn.mapper]' package. Please check your configuration.
2020-05-27 10:14:29.189 [restartedMain] INFO  o.s.boot.web.embedded.tomcat.TomcatWebServer - Tomcat initialized with port(s): 8084 (http)
2020-05-27 10:14:29.197 [restartedMain] INFO  org.apache.catalina.core.StandardService - Starting service [Tomcat]
2020-05-27 10:14:29.197 [restartedMain] INFO  org.apache.catalina.core.StandardEngine - Starting Servlet engine: [Apache Tomcat/9.0.34]
2020-05-27 10:14:29.290 [restartedMain] INFO  o.a.c.core.ContainerBase.[Tomcat].[localhost].[/] - Initializing Spring embedded WebApplicationContext
2020-05-27 10:14:29.290 [restartedMain] INFO  org.springframework.web.context.ContextLoader - Root WebApplicationContext: initialization completed in 1800 ms
2020-05-27 10:14:29.382 [restartedMain] INFO  com.qn.interceptor.LogHandlerInterceptor - 监听器开始初始化
2020-05-27 10:14:29.382 [restartedMain] INFO  com.qn.interceptor.LogHandlerInterceptor - 监听器开始初始化
2020-05-27 10:14:29.763 [restartedMain] INFO  org.hibernate.jpa.internal.util.LogHelper - HHH000204: Processing PersistenceUnitInfo [name: primaryPersistenceUnit]
2020-05-27 10:14:29.820 [restartedMain] INFO  org.hibernate.Version - HHH000412: Hibernate ORM core version 5.4.15.Final
2020-05-27 10:14:29.964 [restartedMain] INFO  org.hibernate.annotations.common.Version - HCANN000001: Hibernate Commons Annotations {5.1.0.Final}
2020-05-27 10:14:31.113 [restartedMain] INFO  com.alibaba.druid.pool.DruidDataSource - {dataSource-1} inited
2020-05-27 10:14:31.130 [restartedMain] INFO  org.hibernate.dialect.Dialect - HHH000400: Using dialect: org.hibernate.dialect.MySQL5Dialect
2020-05-27 10:14:31.818 [restartedMain] INFO  o.h.e.t.jta.platform.internal.JtaPlatformInitiator - HHH000490: Using JtaPlatform implementation: [org.hibernate.engine.transaction.jta.platform.internal.NoJtaPlatform]
2020-05-27 10:14:31.825 [restartedMain] INFO  o.s.orm.jpa.LocalContainerEntityManagerFactoryBean - Initialized JPA EntityManagerFactory for persistence unit 'primaryPersistenceUnit'
2020-05-27 10:14:31.890 [restartedMain] INFO  o.s.b.d.autoconfigure.OptionalLiveReloadServer - LiveReload server is running on port 35729
2020-05-27 10:14:31.917 [restartedMain] INFO  org.hibernate.jpa.internal.util.LogHelper - HHH000204: Processing PersistenceUnitInfo [name: primaryPersistenceUnit]
2020-05-27 10:14:32.055 [restartedMain] INFO  com.alibaba.druid.pool.DruidDataSource - {dataSource-2} inited
2020-05-27 10:14:32.056 [restartedMain] INFO  org.hibernate.dialect.Dialect - HHH000400: Using dialect: org.hibernate.dialect.MySQL5Dialect
2020-05-27 10:14:32.188 [restartedMain] INFO  o.h.e.t.jta.platform.internal.JtaPlatformInitiator - HHH000490: Using JtaPlatform implementation: [org.hibernate.engine.transaction.jta.platform.internal.NoJtaPlatform]
2020-05-27 10:14:32.188 [restartedMain] INFO  o.s.orm.jpa.LocalContainerEntityManagerFactoryBean - Initialized JPA EntityManagerFactory for persistence unit 'primaryPersistenceUnit'
2020-05-27 10:14:33.492 [restartedMain] WARN  o.s.b.a.o.j.JpaBaseConfiguration$JpaWebConfiguration - spring.jpa.open-in-view is enabled by default. Therefore, database queries may be performed during view rendering. Explicitly configure spring.jpa.open-in-view to disable this warning
2020-05-27 10:14:33.788 [restartedMain] INFO  o.s.boot.web.embedded.tomcat.TomcatWebServer - Tomcat started on port(s): 8084 (http) with context path ''
2020-05-27 10:14:33.794 [restartedMain] INFO  com.qn.SpringbootDemoApplication - Started SpringbootDemoApplication in 6.855 seconds (JVM running for 9.974)
2020-05-27 10:15:18.908 [http-nio-8084-exec-1] INFO  o.a.c.core.ContainerBase.[Tomcat].[localhost].[/] - Initializing Spring DispatcherServlet 'dispatcherServlet'
2020-05-27 10:15:18.909 [http-nio-8084-exec-1] INFO  org.springframework.web.servlet.DispatcherServlet - Initializing Servlet 'dispatcherServlet'
2020-05-27 10:15:18.921 [http-nio-8084-exec-1] INFO  org.springframework.web.servlet.DispatcherServlet - Completed initialization in 12 ms
2020-05-27 10:15:18.931 [http-nio-8084-exec-1] INFO  com.qn.interceptor.LogHandlerInterceptor - 过滤器生效！！！
2020-05-27 10:15:18.931 [http-nio-8084-exec-1] INFO  com.qn.interceptor.LogHandlerInterceptor - 过滤器生效！！！
2020-05-27 10:15:18.941 [http-nio-8084-exec-1] WARN  org.springframework.web.servlet.PageNotFound - No mapping for GET /
2020-05-27 10:15:18.958 [http-nio-8084-exec-1] INFO  com.qn.interceptor.LogHandlerInterceptor - preHandle请求URL：http://localhost:8084/error
2020-05-27 10:15:18.977 [http-nio-8084-exec-1] INFO  com.qn.interceptor.LogHandlerInterceptor - postHandle返回modelAndView之前
2020-05-27 10:15:18.984 [http-nio-8084-exec-1] INFO  com.qn.interceptor.LogHandlerInterceptor - afterCompletion执行完请求方法完全返回之后
2020-05-27 10:15:45.217 [http-nio-8084-exec-2] INFO  com.qn.interceptor.LogHandlerInterceptor - 过滤器生效！！！
2020-05-27 10:15:45.218 [http-nio-8084-exec-2] INFO  com.qn.interceptor.LogHandlerInterceptor - 过滤器生效！！！
2020-05-27 10:15:45.218 [http-nio-8084-exec-2] INFO  com.qn.interceptor.LogHandlerInterceptor - preHandle请求URL：http://localhost:8084/test1
2020-05-27 10:15:45.226 [http-nio-8084-exec-2] INFO  com.qn.interceptor.LogHandlerInterceptor - Aspect-URL: /test1
2020-05-27 10:15:45.226 [http-nio-8084-exec-2] INFO  com.qn.interceptor.LogHandlerInterceptor - Aspect-HTTP_METHOD: GET
2020-05-27 10:15:45.226 [http-nio-8084-exec-2] INFO  com.qn.interceptor.LogHandlerInterceptor - Aspect-IP: 0:0:0:0:0:0:0:1
2020-05-27 10:15:45.229 [http-nio-8084-exec-2] INFO  com.qn.interceptor.LogHandlerInterceptor - Aspect-REQUEST_METHOD: com.qn.controller.HelloController.index
2020-05-27 10:15:45.230 [http-nio-8084-exec-2] INFO  com.qn.interceptor.LogHandlerInterceptor - Aspect-Args: []
2020-05-27 10:15:45.237 [http-nio-8084-exec-2] INFO  com.qn.interceptor.LogHandlerInterceptor - Aspect-Response: test1
2020-05-27 10:15:45.237 [http-nio-8084-exec-2] INFO  com.qn.interceptor.LogHandlerInterceptor - Aspect-SpeedTime: 12ms
2020-05-27 10:15:45.241 [http-nio-8084-exec-2] INFO  com.qn.interceptor.LogHandlerInterceptor - postHandle返回modelAndView之前
2020-05-27 10:15:45.411 [http-nio-8084-exec-2] ERROR org.thymeleaf.TemplateEngine - [THYMELEAF][http-nio-8084-exec-2] Exception processing template "test1": Error resolving template [test1], template might not exist or might not be accessible by any of the configured Template Resolvers
org.thymeleaf.exceptions.TemplateInputException: Error resolving template [test1], template might not exist or might not be accessible by any of the configured Template Resolvers
	at org.thymeleaf.engine.TemplateManager.resolveTemplate(TemplateManager.java:869)
	at org.thymeleaf.engine.TemplateManager.parseAndProcess(TemplateManager.java:607)
	at org.thymeleaf.TemplateEngine.process(TemplateEngine.java:1098)
	at org.thymeleaf.TemplateEngine.process(TemplateEngine.java:1072)
	at org.thymeleaf.spring5.view.ThymeleafView.renderFragment(ThymeleafView.java:362)
	at org.thymeleaf.spring5.view.ThymeleafView.render(ThymeleafView.java:189)
	at org.springframework.web.servlet.DispatcherServlet.render(DispatcherServlet.java:1373)
	at org.springframework.web.servlet.DispatcherServlet.processDispatchResult(DispatcherServlet.java:1118)
	at org.springframework.web.servlet.DispatcherServlet.doDispatch(DispatcherServlet.java:1057)
	at org.springframework.web.servlet.DispatcherServlet.doService(DispatcherServlet.java:943)
	at org.springframework.web.servlet.FrameworkServlet.processRequest(FrameworkServlet.java:1006)
	at org.springframework.web.servlet.FrameworkServlet.doGet(FrameworkServlet.java:898)
	at javax.servlet.http.HttpServlet.service(HttpServlet.java:634)
	at org.springframework.web.servlet.FrameworkServlet.service(FrameworkServlet.java:883)
	at javax.servlet.http.HttpServlet.service(HttpServlet.java:741)
	at org.apache.catalina.core.ApplicationFilterChain.internalDoFilter(ApplicationFilterChain.java:231)
	at org.apache.catalina.core.ApplicationFilterChain.doFilter(ApplicationFilterChain.java:166)
	at org.apache.tomcat.websocket.server.WsFilter.doFilter(WsFilter.java:53)
	at org.apache.catalina.core.ApplicationFilterChain.internalDoFilter(ApplicationFilterChain.java:193)
	at org.apache.catalina.core.ApplicationFilterChain.doFilter(ApplicationFilterChain.java:166)
	at com.qn.filter.LogFilter.doFilter(LogFilter.java:18)
	at org.apache.catalina.core.ApplicationFilterChain.internalDoFilter(ApplicationFilterChain.java:193)
	at org.apache.catalina.core.ApplicationFilterChain.doFilter(ApplicationFilterChain.java:166)
	at com.qn.filter.LogFilter.doFilter(LogFilter.java:18)
	at org.apache.catalina.core.ApplicationFilterChain.internalDoFilter(ApplicationFilterChain.java:193)
	at org.apache.catalina.core.ApplicationFilterChain.doFilter(ApplicationFilterChain.java:166)
	at com.alibaba.druid.support.http.WebStatFilter.doFilter(WebStatFilter.java:123)
	at org.apache.catalina.core.ApplicationFilterChain.internalDoFilter(ApplicationFilterChain.java:193)
	at org.apache.catalina.core.ApplicationFilterChain.doFilter(ApplicationFilterChain.java:166)
	at org.springframework.web.filter.CharacterEncodingFilter.doFilterInternal(CharacterEncodingFilter.java:201)
	at org.springframework.web.filter.OncePerRequestFilter.doFilter(OncePerRequestFilter.java:119)
	at org.apache.catalina.core.ApplicationFilterChain.internalDoFilter(ApplicationFilterChain.java:193)
	at org.apache.catalina.core.ApplicationFilterChain.doFilter(ApplicationFilterChain.java:166)
	at org.apache.catalina.core.StandardWrapperValve.invoke(StandardWrapperValve.java:202)
	at org.apache.catalina.core.StandardContextValve.invoke(StandardContextValve.java:96)
	at org.apache.catalina.authenticator.AuthenticatorBase.invoke(AuthenticatorBase.java:541)
	at org.apache.catalina.core.StandardHostValve.invoke(StandardHostValve.java:139)
	at org.apache.catalina.valves.ErrorReportValve.invoke(ErrorReportValve.java:92)
	at org.apache.catalina.core.StandardEngineValve.invoke(StandardEngineValve.java:74)
	at org.apache.catalina.connector.CoyoteAdapter.service(CoyoteAdapter.java:343)
	at org.apache.coyote.http11.Http11Processor.service(Http11Processor.java:373)
	at org.apache.coyote.AbstractProcessorLight.process(AbstractProcessorLight.java:65)
	at org.apache.coyote.AbstractProtocol$ConnectionHandler.process(AbstractProtocol.java:868)
	at org.apache.tomcat.util.net.NioEndpoint$SocketProcessor.doRun(NioEndpoint.java:1590)
	at org.apache.tomcat.util.net.SocketProcessorBase.run(SocketProcessorBase.java:49)
	at java.util.concurrent.ThreadPoolExecutor.runWorker(ThreadPoolExecutor.java:1149)
	at java.util.concurrent.ThreadPoolExecutor$Worker.run(ThreadPoolExecutor.java:624)
	at org.apache.tomcat.util.threads.TaskThread$WrappingRunnable.run(TaskThread.java:61)
	at java.lang.Thread.run(Thread.java:748)
2020-05-27 10:15:45.412 [http-nio-8084-exec-2] INFO  com.qn.interceptor.LogHandlerInterceptor - afterCompletion执行完请求方法完全返回之后
2020-05-27 10:15:45.415 [http-nio-8084-exec-2] ERROR o.a.c.c.C.[.[localhost].[/].[dispatcherServlet] - Servlet.service() for servlet [dispatcherServlet] in context with path [] threw exception [Request processing failed; nested exception is org.thymeleaf.exceptions.TemplateInputException: Error resolving template [test1], template might not exist or might not be accessible by any of the configured Template Resolvers] with root cause
org.thymeleaf.exceptions.TemplateInputException: Error resolving template [test1], template might not exist or might not be accessible by any of the configured Template Resolvers
	at org.thymeleaf.engine.TemplateManager.resolveTemplate(TemplateManager.java:869)
	at org.thymeleaf.engine.TemplateManager.parseAndProcess(TemplateManager.java:607)
	at org.thymeleaf.TemplateEngine.process(TemplateEngine.java:1098)
	at org.thymeleaf.TemplateEngine.process(TemplateEngine.java:1072)
	at org.thymeleaf.spring5.view.ThymeleafView.renderFragment(ThymeleafView.java:362)
	at org.thymeleaf.spring5.view.ThymeleafView.render(ThymeleafView.java:189)
	at org.springframework.web.servlet.DispatcherServlet.render(DispatcherServlet.java:1373)
	at org.springframework.web.servlet.DispatcherServlet.processDispatchResult(DispatcherServlet.java:1118)
	at org.springframework.web.servlet.DispatcherServlet.doDispatch(DispatcherServlet.java:1057)
	at org.springframework.web.servlet.DispatcherServlet.doService(DispatcherServlet.java:943)
	at org.springframework.web.servlet.FrameworkServlet.processRequest(FrameworkServlet.java:1006)
	at org.springframework.web.servlet.FrameworkServlet.doGet(FrameworkServlet.java:898)
	at javax.servlet.http.HttpServlet.service(HttpServlet.java:634)
	at org.springframework.web.servlet.FrameworkServlet.service(FrameworkServlet.java:883)
	at javax.servlet.http.HttpServlet.service(HttpServlet.java:741)
	at org.apache.catalina.core.ApplicationFilterChain.internalDoFilter(ApplicationFilterChain.java:231)
	at org.apache.catalina.core.ApplicationFilterChain.doFilter(ApplicationFilterChain.java:166)
	at org.apache.tomcat.websocket.server.WsFilter.doFilter(WsFilter.java:53)
	at org.apache.catalina.core.ApplicationFilterChain.internalDoFilter(ApplicationFilterChain.java:193)
	at org.apache.catalina.core.ApplicationFilterChain.doFilter(ApplicationFilterChain.java:166)
	at com.qn.filter.LogFilter.doFilter(LogFilter.java:18)
	at org.apache.catalina.core.ApplicationFilterChain.internalDoFilter(ApplicationFilterChain.java:193)
	at org.apache.catalina.core.ApplicationFilterChain.doFilter(ApplicationFilterChain.java:166)
	at com.qn.filter.LogFilter.doFilter(LogFilter.java:18)
	at org.apache.catalina.core.ApplicationFilterChain.internalDoFilter(ApplicationFilterChain.java:193)
	at org.apache.catalina.core.ApplicationFilterChain.doFilter(ApplicationFilterChain.java:166)
	at com.alibaba.druid.support.http.WebStatFilter.doFilter(WebStatFilter.java:123)
	at org.apache.catalina.core.ApplicationFilterChain.internalDoFilter(ApplicationFilterChain.java:193)
	at org.apache.catalina.core.ApplicationFilterChain.doFilter(ApplicationFilterChain.java:166)
	at org.springframework.web.filter.CharacterEncodingFilter.doFilterInternal(CharacterEncodingFilter.java:201)
	at org.springframework.web.filter.OncePerRequestFilter.doFilter(OncePerRequestFilter.java:119)
	at org.apache.catalina.core.ApplicationFilterChain.internalDoFilter(ApplicationFilterChain.java:193)
	at org.apache.catalina.core.ApplicationFilterChain.doFilter(ApplicationFilterChain.java:166)
	at org.apache.catalina.core.StandardWrapperValve.invoke(StandardWrapperValve.java:202)
	at org.apache.catalina.core.StandardContextValve.invoke(StandardContextValve.java:96)
	at org.apache.catalina.authenticator.AuthenticatorBase.invoke(AuthenticatorBase.java:541)
	at org.apache.catalina.core.StandardHostValve.invoke(StandardHostValve.java:139)
	at org.apache.catalina.valves.ErrorReportValve.invoke(ErrorReportValve.java:92)
	at org.apache.catalina.core.StandardEngineValve.invoke(StandardEngineValve.java:74)
	at org.apache.catalina.connector.CoyoteAdapter.service(CoyoteAdapter.java:343)
	at org.apache.coyote.http11.Http11Processor.service(Http11Processor.java:373)
	at org.apache.coyote.AbstractProcessorLight.process(AbstractProcessorLight.java:65)
	at org.apache.coyote.AbstractProtocol$ConnectionHandler.process(AbstractProtocol.java:868)
	at org.apache.tomcat.util.net.NioEndpoint$SocketProcessor.doRun(NioEndpoint.java:1590)
	at org.apache.tomcat.util.net.SocketProcessorBase.run(SocketProcessorBase.java:49)
	at java.util.concurrent.ThreadPoolExecutor.runWorker(ThreadPoolExecutor.java:1149)
	at java.util.concurrent.ThreadPoolExecutor$Worker.run(ThreadPoolExecutor.java:624)
	at org.apache.tomcat.util.threads.TaskThread$WrappingRunnable.run(TaskThread.java:61)
	at java.lang.Thread.run(Thread.java:748)
2020-05-27 10:15:45.416 [http-nio-8084-exec-2] INFO  com.qn.interceptor.LogHandlerInterceptor - preHandle请求URL：http://localhost:8084/error
2020-05-27 10:15:45.423 [http-nio-8084-exec-2] INFO  com.qn.interceptor.LogHandlerInterceptor - postHandle返回modelAndView之前
2020-05-27 10:15:45.425 [http-nio-8084-exec-2] INFO  com.qn.interceptor.LogHandlerInterceptor - afterCompletion执行完请求方法完全返回之后
2020-05-27 10:16:42.574 [http-nio-8084-exec-4] INFO  com.qn.interceptor.LogHandlerInterceptor - 过滤器生效！！！
2020-05-27 10:16:42.574 [http-nio-8084-exec-4] INFO  com.qn.interceptor.LogHandlerInterceptor - 过滤器生效！！！
2020-05-27 10:16:42.575 [http-nio-8084-exec-4] INFO  com.qn.interceptor.LogHandlerInterceptor - preHandle请求URL：http://localhost:8084/success
2020-05-27 10:16:42.577 [http-nio-8084-exec-4] INFO  com.qn.interceptor.LogHandlerInterceptor - Aspect-URL: /success
2020-05-27 10:16:42.578 [http-nio-8084-exec-4] INFO  com.qn.interceptor.LogHandlerInterceptor - Aspect-HTTP_METHOD: GET
2020-05-27 10:16:42.578 [http-nio-8084-exec-4] INFO  com.qn.interceptor.LogHandlerInterceptor - Aspect-IP: 0:0:0:0:0:0:0:1
2020-05-27 10:16:42.578 [http-nio-8084-exec-4] INFO  com.qn.interceptor.LogHandlerInterceptor - Aspect-REQUEST_METHOD: com.qn.controller.HelloController.success
2020-05-27 10:16:42.578 [http-nio-8084-exec-4] INFO  com.qn.interceptor.LogHandlerInterceptor - Aspect-Args: [{}]
2020-05-27 10:16:42.579 [http-nio-8084-exec-4] INFO  com.qn.interceptor.LogHandlerInterceptor - Aspect-Response: test
2020-05-27 10:16:42.579 [http-nio-8084-exec-4] INFO  com.qn.interceptor.LogHandlerInterceptor - Aspect-SpeedTime: 2ms
2020-05-27 10:16:42.579 [http-nio-8084-exec-4] INFO  com.qn.interceptor.LogHandlerInterceptor - postHandle返回modelAndView之前
2020-05-27 10:16:42.803 [http-nio-8084-exec-4] INFO  com.qn.interceptor.LogHandlerInterceptor - afterCompletion执行完请求方法完全返回之后
2020-05-27 16:37:15.982 [restartedMain] INFO  com.qn.SpringbootDemoApplication - Starting SpringbootDemoApplication on QN-CMD-002 with PID 15508 (C:\Users\秦南——qn\IdeaProjects\springboot-demo\springboot-qn\target\classes started by 秦南——qn in C:\Users\秦南——qn\IdeaProjects\springboot-demo)
2020-05-27 16:37:15.994 [restartedMain] DEBUG com.qn.SpringbootDemoApplication - Running with Spring Boot v2.2.7.RELEASE, Spring v5.2.6.RELEASE
2020-05-27 16:37:15.994 [restartedMain] INFO  com.qn.SpringbootDemoApplication - The following profiles are active: dev
2020-05-27 16:37:16.138 [restartedMain] INFO  o.s.b.d.env.DevToolsPropertyDefaultsPostProcessor - Devtools property defaults active! Set 'spring.devtools.add-properties' to 'false' to disable
2020-05-27 16:37:16.140 [restartedMain] INFO  o.s.b.d.env.DevToolsPropertyDefaultsPostProcessor - For additional web related logging consider setting the 'logging.level.web' property to 'DEBUG'
2020-05-27 16:37:17.516 [restartedMain] INFO  o.s.d.r.config.RepositoryConfigurationDelegate - Bootstrapping Spring Data JPA repositories in DEFAULT mode.
2020-05-27 16:37:17.618 [restartedMain] INFO  o.s.d.r.config.RepositoryConfigurationDelegate - Finished Spring Data repository scanning in 82ms. Found 1 JPA repository interfaces.
2020-05-27 16:37:17.619 [restartedMain] INFO  o.s.d.r.config.RepositoryConfigurationDelegate - Bootstrapping Spring Data JPA repositories in DEFAULT mode.
2020-05-27 16:37:17.639 [restartedMain] INFO  o.s.d.r.config.RepositoryConfigurationDelegate - Finished Spring Data repository scanning in 19ms. Found 2 JPA repository interfaces.
2020-05-27 16:37:17.645 [restartedMain] WARN  org.mybatis.spring.mapper.ClassPathMapperScanner - Skipping MapperFactoryBean with name 'appPersonRepository' and 'com.qn.dao.app.AppPersonRepository' mapperInterface. Bean already defined with the same name!
2020-05-27 16:37:17.647 [restartedMain] WARN  org.mybatis.spring.mapper.ClassPathMapperScanner - Skipping MapperFactoryBean with name 'bootAccountRepository' and 'com.qn.dao.boot.BootAccountRepository' mapperInterface. Bean already defined with the same name!
2020-05-27 16:37:17.647 [restartedMain] WARN  org.mybatis.spring.mapper.ClassPathMapperScanner - Skipping MapperFactoryBean with name 'jpaService' and 'com.qn.dao.boot.JpaService' mapperInterface. Bean already defined with the same name!
2020-05-27 16:37:17.652 [restartedMain] WARN  org.mybatis.spring.mapper.ClassPathMapperScanner - Skipping MapperFactoryBean with name 'userMapper' and 'com.qn.mapper.UserMapper' mapperInterface. Bean already defined with the same name!
2020-05-27 16:37:17.653 [restartedMain] WARN  org.mybatis.spring.mapper.ClassPathMapperScanner - No MyBatis mapper was found in '[com.qn.mapper]' package. Please check your configuration.
2020-05-27 16:37:19.577 [restartedMain] INFO  o.s.boot.web.embedded.tomcat.TomcatWebServer - Tomcat initialized with port(s): 8084 (http)
2020-05-27 16:37:19.592 [restartedMain] INFO  org.apache.catalina.core.StandardService - Starting service [Tomcat]
2020-05-27 16:37:19.593 [restartedMain] INFO  org.apache.catalina.core.StandardEngine - Starting Servlet engine: [Apache Tomcat/9.0.34]
2020-05-27 16:37:19.773 [restartedMain] INFO  o.a.c.core.ContainerBase.[Tomcat].[localhost].[/] - Initializing Spring embedded WebApplicationContext
2020-05-27 16:37:19.773 [restartedMain] INFO  org.springframework.web.context.ContextLoader - Root WebApplicationContext: initialization completed in 3633 ms
2020-05-27 16:37:19.935 [restartedMain] INFO  com.qn.interceptor.LogHandlerInterceptor - 监听器开始初始化
2020-05-27 16:37:19.937 [restartedMain] INFO  com.qn.interceptor.LogHandlerInterceptor - 监听器开始初始化
2020-05-27 16:37:20.506 [restartedMain] INFO  org.hibernate.jpa.internal.util.LogHelper - HHH000204: Processing PersistenceUnitInfo [name: primaryPersistenceUnit]
2020-05-27 16:37:20.666 [restartedMain] INFO  org.hibernate.Version - HHH000412: Hibernate ORM core version 5.4.15.Final
2020-05-27 16:37:20.969 [restartedMain] INFO  org.hibernate.annotations.common.Version - HCANN000001: Hibernate Commons Annotations {5.1.0.Final}
2020-05-27 16:37:23.382 [restartedMain] INFO  com.alibaba.druid.pool.DruidDataSource - {dataSource-1} inited
2020-05-27 16:37:23.419 [restartedMain] INFO  org.hibernate.dialect.Dialect - HHH000400: Using dialect: org.hibernate.dialect.MySQL5Dialect
2020-05-27 16:37:24.745 [restartedMain] INFO  o.h.e.t.jta.platform.internal.JtaPlatformInitiator - HHH000490: Using JtaPlatform implementation: [org.hibernate.engine.transaction.jta.platform.internal.NoJtaPlatform]
2020-05-27 16:37:24.760 [restartedMain] INFO  o.s.orm.jpa.LocalContainerEntityManagerFactoryBean - Initialized JPA EntityManagerFactory for persistence unit 'primaryPersistenceUnit'
2020-05-27 16:37:24.896 [restartedMain] INFO  o.s.b.d.autoconfigure.OptionalLiveReloadServer - LiveReload server is running on port 35729
2020-05-27 16:37:24.919 [restartedMain] INFO  org.hibernate.jpa.internal.util.LogHelper - HHH000204: Processing PersistenceUnitInfo [name: primaryPersistenceUnit]
2020-05-27 16:37:45.958 [restartedMain] ERROR com.alibaba.druid.pool.DruidDataSource - init datasource error, url: jdbc:mysql://172.17.0.3:3306/boot
com.mysql.cj.jdbc.exceptions.CommunicationsException: Communications link failure

The last packet sent successfully to the server was 0 milliseconds ago. The driver has not received any packets from the server.
	at com.mysql.cj.jdbc.exceptions.SQLError.createCommunicationsException(SQLError.java:174)
	at com.mysql.cj.jdbc.exceptions.SQLExceptionsMapping.translateException(SQLExceptionsMapping.java:64)
	at com.mysql.cj.jdbc.ConnectionImpl.createNewIO(ConnectionImpl.java:836)
	at com.mysql.cj.jdbc.ConnectionImpl.<init>(ConnectionImpl.java:456)
	at com.mysql.cj.jdbc.ConnectionImpl.getInstance(ConnectionImpl.java:246)
	at com.mysql.cj.jdbc.NonRegisteringDriver.connect(NonRegisteringDriver.java:197)
	at com.alibaba.druid.filter.FilterChainImpl.connection_connect(FilterChainImpl.java:148)
	at com.alibaba.druid.filter.stat.StatFilter.connection_connect(StatFilter.java:220)
	at com.alibaba.druid.filter.FilterChainImpl.connection_connect(FilterChainImpl.java:142)
	at com.alibaba.druid.pool.DruidAbstractDataSource.createPhysicalConnection(DruidAbstractDataSource.java:1463)
	at com.alibaba.druid.pool.DruidAbstractDataSource.createPhysicalConnection(DruidAbstractDataSource.java:1525)
	at com.alibaba.druid.pool.DruidDataSource.init(DruidDataSource.java:734)
	at com.alibaba.druid.pool.DruidDataSource.getConnection(DruidDataSource.java:1060)
	at com.alibaba.druid.pool.DruidDataSource.getConnection(DruidDataSource.java:1056)
	at com.alibaba.druid.pool.DruidDataSource.getConnection(DruidDataSource.java:104)
	at org.hibernate.engine.jdbc.connections.internal.DatasourceConnectionProviderImpl.getConnection(DatasourceConnectionProviderImpl.java:122)
	at org.hibernate.engine.jdbc.env.internal.JdbcEnvironmentInitiator$ConnectionProviderJdbcConnectionAccess.obtainConnection(JdbcEnvironmentInitiator.java:180)
	at org.hibernate.engine.jdbc.env.internal.JdbcEnvironmentInitiator.initiateService(JdbcEnvironmentInitiator.java:68)
	at org.hibernate.engine.jdbc.env.internal.JdbcEnvironmentInitiator.initiateService(JdbcEnvironmentInitiator.java:35)
	at org.hibernate.boot.registry.internal.StandardServiceRegistryImpl.initiateService(StandardServiceRegistryImpl.java:101)
	at org.hibernate.service.internal.AbstractServiceRegistryImpl.createService(AbstractServiceRegistryImpl.java:263)
	at org.hibernate.service.internal.AbstractServiceRegistryImpl.initializeService(AbstractServiceRegistryImpl.java:237)
	at org.hibernate.service.internal.AbstractServiceRegistryImpl.getService(AbstractServiceRegistryImpl.java:214)
	at org.hibernate.id.factory.internal.DefaultIdentifierGeneratorFactory.injectServices(DefaultIdentifierGeneratorFactory.java:152)
	at org.hibernate.service.internal.AbstractServiceRegistryImpl.injectDependencies(AbstractServiceRegistryImpl.java:286)
	at org.hibernate.service.internal.AbstractServiceRegistryImpl.initializeService(AbstractServiceRegistryImpl.java:243)
	at org.hibernate.service.internal.AbstractServiceRegistryImpl.getService(AbstractServiceRegistryImpl.java:214)
	at org.hibernate.boot.internal.InFlightMetadataCollectorImpl.<init>(InFlightMetadataCollectorImpl.java:176)
	at org.hibernate.boot.model.process.spi.MetadataBuildingProcess.complete(MetadataBuildingProcess.java:118)
	at org.hibernate.jpa.boot.internal.EntityManagerFactoryBuilderImpl.metadata(EntityManagerFactoryBuilderImpl.java:1214)
	at org.hibernate.jpa.boot.internal.EntityManagerFactoryBuilderImpl.build(EntityManagerFactoryBuilderImpl.java:1245)
	at org.springframework.orm.jpa.vendor.SpringHibernateJpaPersistenceProvider.createContainerEntityManagerFactory(SpringHibernateJpaPersistenceProvider.java:58)
	at org.springframework.orm.jpa.LocalContainerEntityManagerFactoryBean.createNativeEntityManagerFactory(LocalContainerEntityManagerFactoryBean.java:365)
	at org.springframework.orm.jpa.AbstractEntityManagerFactoryBean.buildNativeEntityManagerFactory(AbstractEntityManagerFactoryBean.java:391)
	at org.springframework.orm.jpa.AbstractEntityManagerFactoryBean.afterPropertiesSet(AbstractEntityManagerFactoryBean.java:378)
	at org.springframework.orm.jpa.LocalContainerEntityManagerFactoryBean.afterPropertiesSet(LocalContainerEntityManagerFactoryBean.java:341)
	at org.springframework.beans.factory.support.AbstractAutowireCapableBeanFactory.invokeInitMethods(AbstractAutowireCapableBeanFactory.java:1855)
	at org.springframework.beans.factory.support.AbstractAutowireCapableBeanFactory.initializeBean(AbstractAutowireCapableBeanFactory.java:1792)
	at org.springframework.beans.factory.support.AbstractAutowireCapableBeanFactory.doCreateBean(AbstractAutowireCapableBeanFactory.java:595)
	at org.springframework.beans.factory.support.AbstractAutowireCapableBeanFactory.createBean(AbstractAutowireCapableBeanFactory.java:517)
	at org.springframework.beans.factory.support.AbstractBeanFactory.lambda$doGetBean$0(AbstractBeanFactory.java:323)
	at org.springframework.beans.factory.support.DefaultSingletonBeanRegistry.getSingleton(DefaultSingletonBeanRegistry.java:226)
	at org.springframework.beans.factory.support.AbstractBeanFactory.doGetBean(AbstractBeanFactory.java:321)
	at org.springframework.beans.factory.support.AbstractBeanFactory.getBean(AbstractBeanFactory.java:202)
	at org.springframework.context.support.AbstractApplicationContext.getBean(AbstractApplicationContext.java:1108)
	at org.springframework.context.support.AbstractApplicationContext.finishBeanFactoryInitialization(AbstractApplicationContext.java:868)
	at org.springframework.context.support.AbstractApplicationContext.refresh(AbstractApplicationContext.java:550)
	at org.springframework.boot.web.servlet.context.ServletWebServerApplicationContext.refresh(ServletWebServerApplicationContext.java:141)
	at org.springframework.boot.SpringApplication.refresh(SpringApplication.java:747)
	at org.springframework.boot.SpringApplication.refreshContext(SpringApplication.java:397)
	at org.springframework.boot.SpringApplication.run(SpringApplication.java:315)
	at org.springframework.boot.SpringApplication.run(SpringApplication.java:1226)
	at org.springframework.boot.SpringApplication.run(SpringApplication.java:1215)
	at com.qn.SpringbootDemoApplication.main(SpringbootDemoApplication.java:24)
	at sun.reflect.NativeMethodAccessorImpl.invoke0(Native Method)
	at sun.reflect.NativeMethodAccessorImpl.invoke(NativeMethodAccessorImpl.java:62)
	at sun.reflect.DelegatingMethodAccessorImpl.invoke(DelegatingMethodAccessorImpl.java:43)
	at java.lang.reflect.Method.invoke(Method.java:498)
	at org.springframework.boot.devtools.restart.RestartLauncher.run(RestartLauncher.java:49)
Caused by: com.mysql.cj.exceptions.CJCommunicationsException: Communications link failure

The last packet sent successfully to the server was 0 milliseconds ago. The driver has not received any packets from the server.
	at sun.reflect.NativeConstructorAccessorImpl.newInstance0(Native Method)
	at sun.reflect.NativeConstructorAccessorImpl.newInstance(NativeConstructorAccessorImpl.java:62)
	at sun.reflect.DelegatingConstructorAccessorImpl.newInstance(DelegatingConstructorAccessorImpl.java:45)
	at java.lang.reflect.Constructor.newInstance(Constructor.java:423)
	at com.mysql.cj.exceptions.ExceptionFactory.createException(ExceptionFactory.java:61)
	at com.mysql.cj.exceptions.ExceptionFactory.createException(ExceptionFactory.java:105)
	at com.mysql.cj.exceptions.ExceptionFactory.createException(ExceptionFactory.java:151)
	at com.mysql.cj.exceptions.ExceptionFactory.createCommunicationsException(ExceptionFactory.java:167)
	at com.mysql.cj.protocol.a.NativeSocketConnection.connect(NativeSocketConnection.java:91)
	at com.mysql.cj.NativeSession.connect(NativeSession.java:144)
	at com.mysql.cj.jdbc.ConnectionImpl.connectOneTryOnly(ConnectionImpl.java:956)
	at com.mysql.cj.jdbc.ConnectionImpl.createNewIO(ConnectionImpl.java:826)
	... 56 common frames omitted
Caused by: java.net.ConnectException: Connection timed out: connect
	at java.net.DualStackPlainSocketImpl.connect0(Native Method)
	at java.net.DualStackPlainSocketImpl.socketConnect(DualStackPlainSocketImpl.java:79)
	at java.net.AbstractPlainSocketImpl.doConnect(AbstractPlainSocketImpl.java:350)
	at java.net.AbstractPlainSocketImpl.connectToAddress(AbstractPlainSocketImpl.java:206)
	at java.net.AbstractPlainSocketImpl.connect(AbstractPlainSocketImpl.java:188)
	at java.net.PlainSocketImpl.connect(PlainSocketImpl.java:172)
	at java.net.SocksSocketImpl.connect(SocksSocketImpl.java:392)
	at java.net.Socket.connect(Socket.java:589)
	at com.mysql.cj.protocol.StandardSocketFactory.connect(StandardSocketFactory.java:155)
	at com.mysql.cj.protocol.a.NativeSocketConnection.connect(NativeSocketConnection.java:65)
	... 59 common frames omitted
2020-05-27 16:37:45.963 [restartedMain] ERROR com.alibaba.druid.pool.DruidDataSource - {dataSource-2} init error
com.mysql.cj.jdbc.exceptions.CommunicationsException: Communications link failure

The last packet sent successfully to the server was 0 milliseconds ago. The driver has not received any packets from the server.
	at com.mysql.cj.jdbc.exceptions.SQLError.createCommunicationsException(SQLError.java:174)
	at com.mysql.cj.jdbc.exceptions.SQLExceptionsMapping.translateException(SQLExceptionsMapping.java:64)
	at com.mysql.cj.jdbc.ConnectionImpl.createNewIO(ConnectionImpl.java:836)
	at com.mysql.cj.jdbc.ConnectionImpl.<init>(ConnectionImpl.java:456)
	at com.mysql.cj.jdbc.ConnectionImpl.getInstance(ConnectionImpl.java:246)
	at com.mysql.cj.jdbc.NonRegisteringDriver.connect(NonRegisteringDriver.java:197)
	at com.alibaba.druid.filter.FilterChainImpl.connection_connect(FilterChainImpl.java:148)
	at com.alibaba.druid.filter.stat.StatFilter.connection_connect(StatFilter.java:220)
	at com.alibaba.druid.filter.FilterChainImpl.connection_connect(FilterChainImpl.java:142)
	at com.alibaba.druid.pool.DruidAbstractDataSource.createPhysicalConnection(DruidAbstractDataSource.java:1463)
	at com.alibaba.druid.pool.DruidAbstractDataSource.createPhysicalConnection(DruidAbstractDataSource.java:1525)
	at com.alibaba.druid.pool.DruidDataSource.init(DruidDataSource.java:734)
	at com.alibaba.druid.pool.DruidDataSource.getConnection(DruidDataSource.java:1060)
	at com.alibaba.druid.pool.DruidDataSource.getConnection(DruidDataSource.java:1056)
	at com.alibaba.druid.pool.DruidDataSource.getConnection(DruidDataSource.java:104)
	at org.hibernate.engine.jdbc.connections.internal.DatasourceConnectionProviderImpl.getConnection(DatasourceConnectionProviderImpl.java:122)
	at org.hibernate.engine.jdbc.env.internal.JdbcEnvironmentInitiator$ConnectionProviderJdbcConnectionAccess.obtainConnection(JdbcEnvironmentInitiator.java:180)
	at org.hibernate.engine.jdbc.env.internal.JdbcEnvironmentInitiator.initiateService(JdbcEnvironmentInitiator.java:68)
	at org.hibernate.engine.jdbc.env.internal.JdbcEnvironmentInitiator.initiateService(JdbcEnvironmentInitiator.java:35)
	at org.hibernate.boot.registry.internal.StandardServiceRegistryImpl.initiateService(StandardServiceRegistryImpl.java:101)
	at org.hibernate.service.internal.AbstractServiceRegistryImpl.createService(AbstractServiceRegistryImpl.java:263)
	at org.hibernate.service.internal.AbstractServiceRegistryImpl.initializeService(AbstractServiceRegistryImpl.java:237)
	at org.hibernate.service.internal.AbstractServiceRegistryImpl.getService(AbstractServiceRegistryImpl.java:214)
	at org.hibernate.id.factory.internal.DefaultIdentifierGeneratorFactory.injectServices(DefaultIdentifierGeneratorFactory.java:152)
	at org.hibernate.service.internal.AbstractServiceRegistryImpl.injectDependencies(AbstractServiceRegistryImpl.java:286)
	at org.hibernate.service.internal.AbstractServiceRegistryImpl.initializeService(AbstractServiceRegistryImpl.java:243)
	at org.hibernate.service.internal.AbstractServiceRegistryImpl.getService(AbstractServiceRegistryImpl.java:214)
	at org.hibernate.boot.internal.InFlightMetadataCollectorImpl.<init>(InFlightMetadataCollectorImpl.java:176)
	at org.hibernate.boot.model.process.spi.MetadataBuildingProcess.complete(MetadataBuildingProcess.java:118)
	at org.hibernate.jpa.boot.internal.EntityManagerFactoryBuilderImpl.metadata(EntityManagerFactoryBuilderImpl.java:1214)
	at org.hibernate.jpa.boot.internal.EntityManagerFactoryBuilderImpl.build(EntityManagerFactoryBuilderImpl.java:1245)
	at org.springframework.orm.jpa.vendor.SpringHibernateJpaPersistenceProvider.createContainerEntityManagerFactory(SpringHibernateJpaPersistenceProvider.java:58)
	at org.springframework.orm.jpa.LocalContainerEntityManagerFactoryBean.createNativeEntityManagerFactory(LocalContainerEntityManagerFactoryBean.java:365)
	at org.springframework.orm.jpa.AbstractEntityManagerFactoryBean.buildNativeEntityManagerFactory(AbstractEntityManagerFactoryBean.java:391)
	at org.springframework.orm.jpa.AbstractEntityManagerFactoryBean.afterPropertiesSet(AbstractEntityManagerFactoryBean.java:378)
	at org.springframework.orm.jpa.LocalContainerEntityManagerFactoryBean.afterPropertiesSet(LocalContainerEntityManagerFactoryBean.java:341)
	at org.springframework.beans.factory.support.AbstractAutowireCapableBeanFactory.invokeInitMethods(AbstractAutowireCapableBeanFactory.java:1855)
	at org.springframework.beans.factory.support.AbstractAutowireCapableBeanFactory.initializeBean(AbstractAutowireCapableBeanFactory.java:1792)
	at org.springframework.beans.factory.support.AbstractAutowireCapableBeanFactory.doCreateBean(AbstractAutowireCapableBeanFactory.java:595)
	at org.springframework.beans.factory.support.AbstractAutowireCapableBeanFactory.createBean(AbstractAutowireCapableBeanFactory.java:517)
	at org.springframework.beans.factory.support.AbstractBeanFactory.lambda$doGetBean$0(AbstractBeanFactory.java:323)
	at org.springframework.beans.factory.support.DefaultSingletonBeanRegistry.getSingleton(DefaultSingletonBeanRegistry.java:226)
	at org.springframework.beans.factory.support.AbstractBeanFactory.doGetBean(AbstractBeanFactory.java:321)
	at org.springframework.beans.factory.support.AbstractBeanFactory.getBean(AbstractBeanFactory.java:202)
	at org.springframework.context.support.AbstractApplicationContext.getBean(AbstractApplicationContext.java:1108)
	at org.springframework.context.support.AbstractApplicationContext.finishBeanFactoryInitialization(AbstractApplicationContext.java:868)
	at org.springframework.context.support.AbstractApplicationContext.refresh(AbstractApplicationContext.java:550)
	at org.springframework.boot.web.servlet.context.ServletWebServerApplicationContext.refresh(ServletWebServerApplicationContext.java:141)
	at org.springframework.boot.SpringApplication.refresh(SpringApplication.java:747)
	at org.springframework.boot.SpringApplication.refreshContext(SpringApplication.java:397)
	at org.springframework.boot.SpringApplication.run(SpringApplication.java:315)
	at org.springframework.boot.SpringApplication.run(SpringApplication.java:1226)
	at org.springframework.boot.SpringApplication.run(SpringApplication.java:1215)
	at com.qn.SpringbootDemoApplication.main(SpringbootDemoApplication.java:24)
	at sun.reflect.NativeMethodAccessorImpl.invoke0(Native Method)
	at sun.reflect.NativeMethodAccessorImpl.invoke(NativeMethodAccessorImpl.java:62)
	at sun.reflect.DelegatingMethodAccessorImpl.invoke(DelegatingMethodAccessorImpl.java:43)
	at java.lang.reflect.Method.invoke(Method.java:498)
	at org.springframework.boot.devtools.restart.RestartLauncher.run(RestartLauncher.java:49)
Caused by: com.mysql.cj.exceptions.CJCommunicationsException: Communications link failure

The last packet sent successfully to the server was 0 milliseconds ago. The driver has not received any packets from the server.
	at sun.reflect.NativeConstructorAccessorImpl.newInstance0(Native Method)
	at sun.reflect.NativeConstructorAccessorImpl.newInstance(NativeConstructorAccessorImpl.java:62)
	at sun.reflect.DelegatingConstructorAccessorImpl.newInstance(DelegatingConstructorAccessorImpl.java:45)
	at java.lang.reflect.Constructor.newInstance(Constructor.java:423)
	at com.mysql.cj.exceptions.ExceptionFactory.createException(ExceptionFactory.java:61)
	at com.mysql.cj.exceptions.ExceptionFactory.createException(ExceptionFactory.java:105)
	at com.mysql.cj.exceptions.ExceptionFactory.createException(ExceptionFactory.java:151)
	at com.mysql.cj.exceptions.ExceptionFactory.createCommunicationsException(ExceptionFactory.java:167)
	at com.mysql.cj.protocol.a.NativeSocketConnection.connect(NativeSocketConnection.java:91)
	at com.mysql.cj.NativeSession.connect(NativeSession.java:144)
	at com.mysql.cj.jdbc.ConnectionImpl.connectOneTryOnly(ConnectionImpl.java:956)
	at com.mysql.cj.jdbc.ConnectionImpl.createNewIO(ConnectionImpl.java:826)
	... 56 common frames omitted
Caused by: java.net.ConnectException: Connection timed out: connect
	at java.net.DualStackPlainSocketImpl.connect0(Native Method)
	at java.net.DualStackPlainSocketImpl.socketConnect(DualStackPlainSocketImpl.java:79)
	at java.net.AbstractPlainSocketImpl.doConnect(AbstractPlainSocketImpl.java:350)
	at java.net.AbstractPlainSocketImpl.connectToAddress(AbstractPlainSocketImpl.java:206)
	at java.net.AbstractPlainSocketImpl.connect(AbstractPlainSocketImpl.java:188)
	at java.net.PlainSocketImpl.connect(PlainSocketImpl.java:172)
	at java.net.SocksSocketImpl.connect(SocksSocketImpl.java:392)
	at java.net.Socket.connect(Socket.java:589)
	at com.mysql.cj.protocol.StandardSocketFactory.connect(StandardSocketFactory.java:155)
	at com.mysql.cj.protocol.a.NativeSocketConnection.connect(NativeSocketConnection.java:65)
	... 59 common frames omitted
2020-05-27 16:37:45.964 [restartedMain] INFO  com.alibaba.druid.pool.DruidDataSource - {dataSource-2} inited
2020-05-27 16:37:45.964 [restartedMain] WARN  o.h.e.jdbc.env.internal.JdbcEnvironmentInitiator - HHH000342: Could not obtain connection to query metadata : Communications link failure

The last packet sent successfully to the server was 0 milliseconds ago. The driver has not received any packets from the server.
2020-05-27 16:37:45.965 [restartedMain] INFO  org.hibernate.dialect.Dialect - HHH000400: Using dialect: org.hibernate.dialect.MySQL5Dialect
2020-05-27 16:38:06.987 [Druid-ConnectionPool-Create-788626752] ERROR com.alibaba.druid.pool.DruidDataSource - create connection error, url: jdbc:mysql://172.17.0.3:3306/boot, errorCode 0, state 08S01
com.mysql.cj.jdbc.exceptions.CommunicationsException: Communications link failure

The last packet sent successfully to the server was 0 milliseconds ago. The driver has not received any packets from the server.
	at com.mysql.cj.jdbc.exceptions.SQLError.createCommunicationsException(SQLError.java:174)
	at com.mysql.cj.jdbc.exceptions.SQLExceptionsMapping.translateException(SQLExceptionsMapping.java:64)
	at com.mysql.cj.jdbc.ConnectionImpl.createNewIO(ConnectionImpl.java:836)
	at com.mysql.cj.jdbc.ConnectionImpl.<init>(ConnectionImpl.java:456)
	at com.mysql.cj.jdbc.ConnectionImpl.getInstance(ConnectionImpl.java:246)
	at com.mysql.cj.jdbc.NonRegisteringDriver.connect(NonRegisteringDriver.java:197)
	at com.alibaba.druid.filter.FilterChainImpl.connection_connect(FilterChainImpl.java:148)
	at com.alibaba.druid.filter.stat.StatFilter.connection_connect(StatFilter.java:220)
	at com.alibaba.druid.filter.FilterChainImpl.connection_connect(FilterChainImpl.java:142)
	at com.alibaba.druid.pool.DruidAbstractDataSource.createPhysicalConnection(DruidAbstractDataSource.java:1463)
	at com.alibaba.druid.pool.DruidAbstractDataSource.createPhysicalConnection(DruidAbstractDataSource.java:1525)
	at com.alibaba.druid.pool.DruidDataSource$CreateConnectionThread.run(DruidDataSource.java:2100)
Caused by: com.mysql.cj.exceptions.CJCommunicationsException: Communications link failure

The last packet sent successfully to the server was 0 milliseconds ago. The driver has not received any packets from the server.
	at sun.reflect.NativeConstructorAccessorImpl.newInstance0(Native Method)
	at sun.reflect.NativeConstructorAccessorImpl.newInstance(NativeConstructorAccessorImpl.java:62)
	at sun.reflect.DelegatingConstructorAccessorImpl.newInstance(DelegatingConstructorAccessorImpl.java:45)
	at java.lang.reflect.Constructor.newInstance(Constructor.java:423)
	at com.mysql.cj.exceptions.ExceptionFactory.createException(ExceptionFactory.java:61)
	at com.mysql.cj.exceptions.ExceptionFactory.createException(ExceptionFactory.java:105)
	at com.mysql.cj.exceptions.ExceptionFactory.createException(ExceptionFactory.java:151)
	at com.mysql.cj.exceptions.ExceptionFactory.createCommunicationsException(ExceptionFactory.java:167)
	at com.mysql.cj.protocol.a.NativeSocketConnection.connect(NativeSocketConnection.java:91)
	at com.mysql.cj.NativeSession.connect(NativeSession.java:144)
	at com.mysql.cj.jdbc.ConnectionImpl.connectOneTryOnly(ConnectionImpl.java:956)
	at com.mysql.cj.jdbc.ConnectionImpl.createNewIO(ConnectionImpl.java:826)
	... 9 common frames omitted
Caused by: java.net.ConnectException: Connection timed out: connect
	at java.net.DualStackPlainSocketImpl.connect0(Native Method)
	at java.net.DualStackPlainSocketImpl.socketConnect(DualStackPlainSocketImpl.java:79)
	at java.net.AbstractPlainSocketImpl.doConnect(AbstractPlainSocketImpl.java:350)
	at java.net.AbstractPlainSocketImpl.connectToAddress(AbstractPlainSocketImpl.java:206)
	at java.net.AbstractPlainSocketImpl.connect(AbstractPlainSocketImpl.java:188)
	at java.net.PlainSocketImpl.connect(PlainSocketImpl.java:172)
	at java.net.SocksSocketImpl.connect(SocksSocketImpl.java:392)
	at java.net.Socket.connect(Socket.java:589)
	at com.mysql.cj.protocol.StandardSocketFactory.connect(StandardSocketFactory.java:155)
	at com.mysql.cj.protocol.a.NativeSocketConnection.connect(NativeSocketConnection.java:65)
	... 12 common frames omitted
2020-05-27 16:38:35.933 [restartedMain] INFO  com.qn.SpringbootDemoApplication - Starting SpringbootDemoApplication on QN-CMD-002 with PID 5708 (C:\Users\秦南——qn\IdeaProjects\springboot-demo\springboot-qn\target\classes started by 秦南——qn in C:\Users\秦南——qn\IdeaProjects\springboot-demo)
2020-05-27 16:38:35.942 [restartedMain] DEBUG com.qn.SpringbootDemoApplication - Running with Spring Boot v2.2.7.RELEASE, Spring v5.2.6.RELEASE
2020-05-27 16:38:35.942 [restartedMain] INFO  com.qn.SpringbootDemoApplication - The following profiles are active: dev
2020-05-27 16:38:36.066 [restartedMain] INFO  o.s.b.d.env.DevToolsPropertyDefaultsPostProcessor - Devtools property defaults active! Set 'spring.devtools.add-properties' to 'false' to disable
2020-05-27 16:38:36.066 [restartedMain] INFO  o.s.b.d.env.DevToolsPropertyDefaultsPostProcessor - For additional web related logging consider setting the 'logging.level.web' property to 'DEBUG'
2020-05-27 16:38:36.912 [restartedMain] INFO  o.s.d.r.config.RepositoryConfigurationDelegate - Bootstrapping Spring Data JPA repositories in DEFAULT mode.
2020-05-27 16:38:36.983 [restartedMain] INFO  o.s.d.r.config.RepositoryConfigurationDelegate - Finished Spring Data repository scanning in 61ms. Found 1 JPA repository interfaces.
2020-05-27 16:38:36.984 [restartedMain] INFO  o.s.d.r.config.RepositoryConfigurationDelegate - Bootstrapping Spring Data JPA repositories in DEFAULT mode.
2020-05-27 16:38:36.999 [restartedMain] INFO  o.s.d.r.config.RepositoryConfigurationDelegate - Finished Spring Data repository scanning in 14ms. Found 2 JPA repository interfaces.
2020-05-27 16:38:37.003 [restartedMain] WARN  org.mybatis.spring.mapper.ClassPathMapperScanner - Skipping MapperFactoryBean with name 'appPersonRepository' and 'com.qn.dao.app.AppPersonRepository' mapperInterface. Bean already defined with the same name!
2020-05-27 16:38:37.004 [restartedMain] WARN  org.mybatis.spring.mapper.ClassPathMapperScanner - Skipping MapperFactoryBean with name 'bootAccountRepository' and 'com.qn.dao.boot.BootAccountRepository' mapperInterface. Bean already defined with the same name!
2020-05-27 16:38:37.005 [restartedMain] WARN  org.mybatis.spring.mapper.ClassPathMapperScanner - Skipping MapperFactoryBean with name 'jpaService' and 'com.qn.dao.boot.JpaService' mapperInterface. Bean already defined with the same name!
2020-05-27 16:38:37.010 [restartedMain] WARN  org.mybatis.spring.mapper.ClassPathMapperScanner - Skipping MapperFactoryBean with name 'userMapper' and 'com.qn.mapper.UserMapper' mapperInterface. Bean already defined with the same name!
2020-05-27 16:38:37.010 [restartedMain] WARN  org.mybatis.spring.mapper.ClassPathMapperScanner - No MyBatis mapper was found in '[com.qn.mapper]' package. Please check your configuration.
2020-05-27 16:38:38.382 [restartedMain] INFO  o.s.boot.web.embedded.tomcat.TomcatWebServer - Tomcat initialized with port(s): 8084 (http)
2020-05-27 16:38:38.396 [restartedMain] INFO  org.apache.catalina.core.StandardService - Starting service [Tomcat]
2020-05-27 16:38:38.396 [restartedMain] INFO  org.apache.catalina.core.StandardEngine - Starting Servlet engine: [Apache Tomcat/9.0.34]
2020-05-27 16:38:38.535 [restartedMain] INFO  o.a.c.core.ContainerBase.[Tomcat].[localhost].[/] - Initializing Spring embedded WebApplicationContext
2020-05-27 16:38:38.536 [restartedMain] INFO  org.springframework.web.context.ContextLoader - Root WebApplicationContext: initialization completed in 2469 ms
2020-05-27 16:38:38.681 [restartedMain] INFO  com.qn.interceptor.LogHandlerInterceptor - 监听器开始初始化
2020-05-27 16:38:38.681 [restartedMain] INFO  com.qn.interceptor.LogHandlerInterceptor - 监听器开始初始化
2020-05-27 16:38:39.110 [restartedMain] INFO  org.hibernate.jpa.internal.util.LogHelper - HHH000204: Processing PersistenceUnitInfo [name: primaryPersistenceUnit]
2020-05-27 16:38:39.167 [restartedMain] INFO  org.hibernate.Version - HHH000412: Hibernate ORM core version 5.4.15.Final
2020-05-27 16:38:39.344 [restartedMain] INFO  org.hibernate.annotations.common.Version - HCANN000001: Hibernate Commons Annotations {5.1.0.Final}
2020-05-27 16:38:40.798 [restartedMain] INFO  com.alibaba.druid.pool.DruidDataSource - {dataSource-1} inited
2020-05-27 16:38:40.837 [restartedMain] INFO  org.hibernate.dialect.Dialect - HHH000400: Using dialect: org.hibernate.dialect.MySQL5Dialect
2020-05-27 16:38:41.751 [restartedMain] INFO  o.h.e.t.jta.platform.internal.JtaPlatformInitiator - HHH000490: Using JtaPlatform implementation: [org.hibernate.engine.transaction.jta.platform.internal.NoJtaPlatform]
2020-05-27 16:38:41.763 [restartedMain] INFO  o.s.orm.jpa.LocalContainerEntityManagerFactoryBean - Initialized JPA EntityManagerFactory for persistence unit 'primaryPersistenceUnit'
2020-05-27 16:38:41.870 [restartedMain] INFO  o.s.b.d.autoconfigure.OptionalLiveReloadServer - LiveReload server is running on port 35729
2020-05-27 16:38:41.882 [restartedMain] INFO  org.hibernate.jpa.internal.util.LogHelper - HHH000204: Processing PersistenceUnitInfo [name: primaryPersistenceUnit]
2020-05-27 16:38:42.173 [restartedMain] INFO  com.alibaba.druid.pool.DruidDataSource - {dataSource-2} inited
2020-05-27 16:38:42.174 [restartedMain] INFO  org.hibernate.dialect.Dialect - HHH000400: Using dialect: org.hibernate.dialect.MySQL5Dialect
2020-05-27 16:38:42.326 [restartedMain] INFO  o.h.e.t.jta.platform.internal.JtaPlatformInitiator - HHH000490: Using JtaPlatform implementation: [org.hibernate.engine.transaction.jta.platform.internal.NoJtaPlatform]
2020-05-27 16:38:42.327 [restartedMain] INFO  o.s.orm.jpa.LocalContainerEntityManagerFactoryBean - Initialized JPA EntityManagerFactory for persistence unit 'primaryPersistenceUnit'
2020-05-27 16:38:45.012 [restartedMain] WARN  o.s.b.a.o.j.JpaBaseConfiguration$JpaWebConfiguration - spring.jpa.open-in-view is enabled by default. Therefore, database queries may be performed during view rendering. Explicitly configure spring.jpa.open-in-view to disable this warning
2020-05-27 16:38:45.533 [restartedMain] INFO  o.s.boot.web.embedded.tomcat.TomcatWebServer - Tomcat started on port(s): 8084 (http) with context path ''
2020-05-27 16:38:45.539 [restartedMain] INFO  com.qn.SpringbootDemoApplication - Started SpringbootDemoApplication in 10.554 seconds (JVM running for 12.65)
2020-05-27 16:39:14.156 [http-nio-8084-exec-1] INFO  com.qn.interceptor.LogHandlerInterceptor - 过滤器生效！！！
2020-05-27 16:39:14.157 [http-nio-8084-exec-1] INFO  com.qn.interceptor.LogHandlerInterceptor - 过滤器生效！！！
2020-05-27 16:39:14.172 [http-nio-8084-exec-2] INFO  com.qn.interceptor.LogHandlerInterceptor - 过滤器生效！！！
2020-05-27 16:39:14.172 [http-nio-8084-exec-2] INFO  com.qn.interceptor.LogHandlerInterceptor - 过滤器生效！！！
2020-05-27 16:39:14.190 [http-nio-8084-exec-3] INFO  com.qn.interceptor.LogHandlerInterceptor - 过滤器生效！！！
2020-05-27 16:39:14.190 [http-nio-8084-exec-3] INFO  com.qn.interceptor.LogHandlerInterceptor - 过滤器生效！！！
2020-05-27 16:39:14.192 [http-nio-8084-exec-4] INFO  com.qn.interceptor.LogHandlerInterceptor - 过滤器生效！！！
2020-05-27 16:39:14.193 [http-nio-8084-exec-4] INFO  com.qn.interceptor.LogHandlerInterceptor - 过滤器生效！！！
2020-05-27 16:39:27.061 [http-nio-8084-exec-5] INFO  com.qn.interceptor.LogHandlerInterceptor - 过滤器生效！！！
2020-05-27 16:39:27.061 [http-nio-8084-exec-5] INFO  com.qn.interceptor.LogHandlerInterceptor - 过滤器生效！！！
2020-05-27 16:39:27.139 [http-nio-8084-exec-6] INFO  com.qn.interceptor.LogHandlerInterceptor - 过滤器生效！！！
2020-05-27 16:39:27.140 [http-nio-8084-exec-6] INFO  com.qn.interceptor.LogHandlerInterceptor - 过滤器生效！！！
2020-05-27 16:39:27.152 [http-nio-8084-exec-8] INFO  com.qn.interceptor.LogHandlerInterceptor - 过滤器生效！！！
2020-05-27 16:39:27.152 [http-nio-8084-exec-7] INFO  com.qn.interceptor.LogHandlerInterceptor - 过滤器生效！！！
2020-05-27 16:39:27.153 [http-nio-8084-exec-8] INFO  com.qn.interceptor.LogHandlerInterceptor - 过滤器生效！！！
2020-05-27 16:39:27.153 [http-nio-8084-exec-7] INFO  com.qn.interceptor.LogHandlerInterceptor - 过滤器生效！！！
2020-05-27 16:39:27.156 [http-nio-8084-exec-10] INFO  com.qn.interceptor.LogHandlerInterceptor - 过滤器生效！！！
2020-05-27 16:39:27.156 [http-nio-8084-exec-10] INFO  com.qn.interceptor.LogHandlerInterceptor - 过滤器生效！！！
2020-05-27 16:39:27.156 [http-nio-8084-exec-1] INFO  com.qn.interceptor.LogHandlerInterceptor - 过滤器生效！！！
2020-05-27 16:39:27.157 [http-nio-8084-exec-1] INFO  com.qn.interceptor.LogHandlerInterceptor - 过滤器生效！！！
2020-05-27 16:39:27.156 [http-nio-8084-exec-9] INFO  com.qn.interceptor.LogHandlerInterceptor - 过滤器生效！！！
2020-05-27 16:39:27.160 [http-nio-8084-exec-9] INFO  com.qn.interceptor.LogHandlerInterceptor - 过滤器生效！！！
2020-05-27 16:39:27.253 [http-nio-8084-exec-2] INFO  com.qn.interceptor.LogHandlerInterceptor - 过滤器生效！！！
2020-05-27 16:39:27.254 [http-nio-8084-exec-2] INFO  com.qn.interceptor.LogHandlerInterceptor - 过滤器生效！！！
2020-05-27 16:39:27.255 [http-nio-8084-exec-3] INFO  com.qn.interceptor.LogHandlerInterceptor - 过滤器生效！！！
2020-05-27 16:39:27.255 [http-nio-8084-exec-3] INFO  com.qn.interceptor.LogHandlerInterceptor - 过滤器生效！！！
2020-05-27 16:54:07.479 [restartedMain] INFO  com.qn.SpringbootDemoApplication - Starting SpringbootDemoApplication on QN-CMD-002 with PID 16868 (C:\Users\秦南——qn\IdeaProjects\springboot-demo\springboot-qn\target\classes started by 秦南——qn in C:\Users\秦南——qn\IdeaProjects\springboot-demo)
2020-05-27 16:54:07.482 [restartedMain] DEBUG com.qn.SpringbootDemoApplication - Running with Spring Boot v2.2.7.RELEASE, Spring v5.2.6.RELEASE
2020-05-27 16:54:07.482 [restartedMain] INFO  com.qn.SpringbootDemoApplication - The following profiles are active: dev
2020-05-27 16:54:07.567 [restartedMain] INFO  o.s.b.d.env.DevToolsPropertyDefaultsPostProcessor - Devtools property defaults active! Set 'spring.devtools.add-properties' to 'false' to disable
2020-05-27 16:54:07.567 [restartedMain] INFO  o.s.b.d.env.DevToolsPropertyDefaultsPostProcessor - For additional web related logging consider setting the 'logging.level.web' property to 'DEBUG'
2020-05-27 16:54:08.431 [restartedMain] INFO  o.s.d.r.config.RepositoryConfigurationDelegate - Bootstrapping Spring Data JPA repositories in DEFAULT mode.
2020-05-27 16:54:08.498 [restartedMain] INFO  o.s.d.r.config.RepositoryConfigurationDelegate - Finished Spring Data repository scanning in 53ms. Found 1 JPA repository interfaces.
2020-05-27 16:54:08.499 [restartedMain] INFO  o.s.d.r.config.RepositoryConfigurationDelegate - Bootstrapping Spring Data JPA repositories in DEFAULT mode.
2020-05-27 16:54:08.511 [restartedMain] INFO  o.s.d.r.config.RepositoryConfigurationDelegate - Finished Spring Data repository scanning in 11ms. Found 2 JPA repository interfaces.
2020-05-27 16:54:08.514 [restartedMain] WARN  org.mybatis.spring.mapper.ClassPathMapperScanner - Skipping MapperFactoryBean with name 'appPersonRepository' and 'com.qn.dao.app.AppPersonRepository' mapperInterface. Bean already defined with the same name!
2020-05-27 16:54:08.516 [restartedMain] WARN  org.mybatis.spring.mapper.ClassPathMapperScanner - Skipping MapperFactoryBean with name 'bootAccountRepository' and 'com.qn.dao.boot.BootAccountRepository' mapperInterface. Bean already defined with the same name!
2020-05-27 16:54:08.516 [restartedMain] WARN  org.mybatis.spring.mapper.ClassPathMapperScanner - Skipping MapperFactoryBean with name 'jpaService' and 'com.qn.dao.boot.JpaService' mapperInterface. Bean already defined with the same name!
2020-05-27 16:54:08.519 [restartedMain] WARN  org.mybatis.spring.mapper.ClassPathMapperScanner - Skipping MapperFactoryBean with name 'userMapper' and 'com.qn.mapper.UserMapper' mapperInterface. Bean already defined with the same name!
2020-05-27 16:54:08.519 [restartedMain] WARN  org.mybatis.spring.mapper.ClassPathMapperScanner - No MyBatis mapper was found in '[com.qn.mapper]' package. Please check your configuration.
2020-05-27 16:54:09.722 [restartedMain] INFO  o.s.boot.web.embedded.tomcat.TomcatWebServer - Tomcat initialized with port(s): 8084 (http)
2020-05-27 16:54:09.733 [restartedMain] INFO  org.apache.catalina.core.StandardService - Starting service [Tomcat]
2020-05-27 16:54:09.734 [restartedMain] INFO  org.apache.catalina.core.StandardEngine - Starting Servlet engine: [Apache Tomcat/9.0.34]
2020-05-27 16:54:09.863 [restartedMain] INFO  o.a.c.core.ContainerBase.[Tomcat].[localhost].[/] - Initializing Spring embedded WebApplicationContext
2020-05-27 16:54:09.864 [restartedMain] INFO  org.springframework.web.context.ContextLoader - Root WebApplicationContext: initialization completed in 2297 ms
2020-05-27 16:54:09.976 [restartedMain] INFO  com.qn.interceptor.LogHandlerInterceptor - 监听器开始初始化
2020-05-27 16:54:09.976 [restartedMain] INFO  com.qn.interceptor.LogHandlerInterceptor - 监听器开始初始化
2020-05-27 16:54:10.349 [restartedMain] INFO  org.hibernate.jpa.internal.util.LogHelper - HHH000204: Processing PersistenceUnitInfo [name: primaryPersistenceUnit]
2020-05-27 16:54:10.413 [restartedMain] INFO  org.hibernate.Version - HHH000412: Hibernate ORM core version 5.4.15.Final
2020-05-27 16:54:10.584 [restartedMain] INFO  org.hibernate.annotations.common.Version - HCANN000001: Hibernate Commons Annotations {5.1.0.Final}
2020-05-27 16:54:11.898 [restartedMain] INFO  com.alibaba.druid.pool.DruidDataSource - {dataSource-1} inited
2020-05-27 16:54:11.916 [restartedMain] INFO  org.hibernate.dialect.Dialect - HHH000400: Using dialect: org.hibernate.dialect.MySQL5Dialect
2020-05-27 16:54:12.750 [restartedMain] INFO  o.h.e.t.jta.platform.internal.JtaPlatformInitiator - HHH000490: Using JtaPlatform implementation: [org.hibernate.engine.transaction.jta.platform.internal.NoJtaPlatform]
2020-05-27 16:54:12.759 [restartedMain] INFO  o.s.orm.jpa.LocalContainerEntityManagerFactoryBean - Initialized JPA EntityManagerFactory for persistence unit 'primaryPersistenceUnit'
2020-05-27 16:54:12.830 [restartedMain] INFO  o.s.b.d.autoconfigure.OptionalLiveReloadServer - LiveReload server is running on port 35729
2020-05-27 16:54:12.841 [restartedMain] INFO  org.hibernate.jpa.internal.util.LogHelper - HHH000204: Processing PersistenceUnitInfo [name: primaryPersistenceUnit]
2020-05-27 16:54:12.975 [restartedMain] INFO  com.alibaba.druid.pool.DruidDataSource - {dataSource-2} inited
2020-05-27 16:54:12.976 [restartedMain] INFO  org.hibernate.dialect.Dialect - HHH000400: Using dialect: org.hibernate.dialect.MySQL5Dialect
2020-05-27 16:54:13.033 [restartedMain] INFO  o.h.e.t.jta.platform.internal.JtaPlatformInitiator - HHH000490: Using JtaPlatform implementation: [org.hibernate.engine.transaction.jta.platform.internal.NoJtaPlatform]
2020-05-27 16:54:13.033 [restartedMain] INFO  o.s.orm.jpa.LocalContainerEntityManagerFactoryBean - Initialized JPA EntityManagerFactory for persistence unit 'primaryPersistenceUnit'
2020-05-27 16:54:14.497 [restartedMain] WARN  o.s.b.a.o.j.JpaBaseConfiguration$JpaWebConfiguration - spring.jpa.open-in-view is enabled by default. Therefore, database queries may be performed during view rendering. Explicitly configure spring.jpa.open-in-view to disable this warning
2020-05-27 16:54:14.855 [restartedMain] INFO  o.s.boot.web.embedded.tomcat.TomcatWebServer - Tomcat started on port(s): 8084 (http) with context path ''
2020-05-27 16:54:14.858 [restartedMain] INFO  com.qn.SpringbootDemoApplication - Started SpringbootDemoApplication in 8.033 seconds (JVM running for 9.55)
2020-05-27 16:54:30.621 [http-nio-8084-exec-1] INFO  com.qn.interceptor.LogHandlerInterceptor - 过滤器生效！！！
2020-05-27 16:54:30.622 [http-nio-8084-exec-1] INFO  com.qn.interceptor.LogHandlerInterceptor - 过滤器生效！！！
2020-05-27 16:54:30.636 [http-nio-8084-exec-2] INFO  com.qn.interceptor.LogHandlerInterceptor - 过滤器生效！！！
2020-05-27 16:54:30.636 [http-nio-8084-exec-2] INFO  com.qn.interceptor.LogHandlerInterceptor - 过滤器生效！！！
2020-05-27 16:54:30.648 [http-nio-8084-exec-4] INFO  com.qn.interceptor.LogHandlerInterceptor - 过滤器生效！！！
2020-05-27 16:54:30.649 [http-nio-8084-exec-4] INFO  com.qn.interceptor.LogHandlerInterceptor - 过滤器生效！！！
2020-05-27 16:54:30.649 [http-nio-8084-exec-5] INFO  com.qn.interceptor.LogHandlerInterceptor - 过滤器生效！！！
2020-05-27 16:54:30.649 [http-nio-8084-exec-5] INFO  com.qn.interceptor.LogHandlerInterceptor - 过滤器生效！！！
